<?xml version="1.0" encoding="utf-8" ?>
<dataset>
  <Artist id="1" name="Radiohead"/>
  <Artist id="2" name="Ryo Fukui"/>
  <Artist id="3" name="Whitney"/>
</dataset>